<?xml version="1.0" encoding="UTF-8"?>
<testng-results ignored="0" total="1" passed="1" failed="0" skipped="0">
  <reporter-output>
  </reporter-output>
  <suite started-at="2023-09-11T17:37:47 IST" name="Default suite" finished-at="2023-09-11T17:37:49 IST" duration-ms="2045">
    <groups>
    </groups>
    <test started-at="2023-09-11T17:37:47 IST" name="Default test" finished-at="2023-09-11T17:37:49 IST" duration-ms="2045">
      <class name="sfsdfsf.fgdfgdfg">
        <test-method signature="ewwerdsf()[pri:0, instance:sfsdfsf.fgdfgdfg@3d5c822d]" started-at="2023-09-11T17:37:47 IST" name="ewwerdsf" finished-at="2023-09-11T17:37:49 IST" duration-ms="2007" status="PASS">
          <reporter-output>
          </reporter-output>
        </test-method> <!-- ewwerdsf -->
      </class> <!-- sfsdfsf.fgdfgdfg -->
    </test> <!-- Default test -->
  </suite> <!-- Default suite -->
</testng-results>
